TN:
SF:src/server.ts
FN:15,(anonymous_1)
FNF:1
FNH:0
FNDA:0,(anonymous_1)
DA:1,1
DA:2,1
DA:3,1
DA:5,1
DA:7,1
DA:8,1
DA:13,1
DA:15,1
DA:16,0
DA:19,1
LF:10
LH:9
BRDA:13,0,0,1
BRDA:13,0,1,1
BRF:2
BRH:2
end_of_record
TN:
SF:src/config/envs.ts
FN:3,loadEnvs
FNF:1
FNH:0
FNDA:0,loadEnvs
DA:1,0
DA:3,0
DA:4,0
DA:6,0
DA:7,0
DA:10,0
LF:6
LH:0
BRDA:6,0,0,0
BRF:1
BRH:0
end_of_record
TN:
SF:src/controllers/userController.ts
FN:4,createUser
FN:20,getUser
FNF:2
FNH:2
FNDA:2,createUser
FNDA:2,getUser
DA:1,1
DA:5,2
DA:7,2
DA:8,2
DA:10,1
DA:12,1
DA:13,1
DA:16,0
DA:21,2
DA:23,2
DA:24,2
DA:26,2
DA:29,0
DA:33,1
DA:38,1
LF:15
LH:13
BRDA:12,0,0,1
BRF:1
BRH:1
end_of_record
TN:
SF:src/errors/conflict-error.ts
FN:1,conflictError
FNF:1
FNH:1
FNDA:1,conflictError
DA:1,1
DA:2,1
LF:2
LH:2
BRF:0
BRH:0
end_of_record
TN:
SF:src/errors/index.ts
FNF:0
FNH:0
DA:1,1
DA:2,1
DA:3,1
LF:3
LH:3
BRF:0
BRH:0
end_of_record
TN:
SF:src/errors/invalid-data-error.ts
FN:1,invalidDataError
FNF:1
FNH:1
FNDA:2,invalidDataError
DA:1,1
DA:2,2
LF:2
LH:2
BRF:0
BRH:0
end_of_record
TN:
SF:src/errors/not-found-error.ts
FN:1,notFoundError
FNF:1
FNH:0
FNDA:0,notFoundError
DA:1,1
DA:2,0
LF:2
LH:1
BRF:0
BRH:0
end_of_record
TN:
SF:src/lib/prisma.ts
FNF:0
FNH:0
DA:1,1
DA:3,1
LF:2
LH:2
BRF:0
BRH:0
end_of_record
TN:
SF:src/middlewares/validation-middleware.ts
FN:5,validateBody
FN:9,validateParams
FN:13,validate
FN:14,(anonymous_3)
FN:22,(anonymous_4)
FNF:5
FNH:4
FNDA:1,validateBody
FNDA:0,validateParams
FNDA:1,validate
FNDA:4,(anonymous_3)
FNDA:7,(anonymous_4)
DA:1,1
DA:5,1
DA:6,1
DA:9,1
DA:10,0
DA:14,1
DA:15,4
DA:19,4
DA:20,2
DA:22,7
LF:10
LH:9
BRDA:19,0,0,2
BRDA:19,0,1,2
BRF:2
BRH:2
end_of_record
TN:
SF:src/repositories/userRepository.ts
FN:4,findByUsername
FN:12,create
FNF:2
FNH:2
FNDA:4,findByUsername
FNDA:1,create
DA:2,1
DA:5,4
DA:13,1
DA:18,1
DA:23,1
LF:5
LH:5
BRF:0
BRH:0
end_of_record
TN:
SF:src/routers/userRoute.ts
FNF:0
FNH:0
DA:1,1
DA:2,1
DA:3,1
DA:4,1
DA:6,1
DA:8,1
DA:12,1
LF:7
LH:7
BRF:0
BRH:0
end_of_record
TN:
SF:src/schemas/users-schemas.ts
FNF:0
FNH:0
DA:2,1
DA:4,1
LF:2
LH:2
BRF:0
BRH:0
end_of_record
TN:
SF:src/services/userService.ts
FN:5,createUser
FN:12,findUserByUsername
FNF:2
FNH:2
FNDA:2,createUser
FNDA:2,findUserByUsername
DA:2,1
DA:3,1
DA:6,2
DA:7,2
DA:9,1
DA:13,2
DA:15,2
DA:18,1
DA:23,1
LF:9
LH:9
BRDA:7,0,0,1
BRF:1
BRH:1
end_of_record
